
> vite_react_shadcn_ts@1.0.0 type-check
> tsc --noEmit -p tsconfig.app.json

src/components/admin/EditUserDialog.tsx(9,10): error TS6133: 'showToast' is declared but its value is never read.
src/components/admin/EditUserDialog.tsx(9,45): error TS6133: 'showWarning' is declared but its value is never read.
src/components/admin/EditUserDialog.tsx(48,13): error TS6133: 'errorMessage' is declared but its value is never read.
src/components/admin/UserDetailDialog.tsx(12,10): error TS6133: 'Loader2' is declared but its value is never read.
src/components/agents/ProjectInsightPanel.tsx(7,21): error TS6133: 'showSuccess' is declared but its value is never read.
src/components/agents/ProjectInsightPanel.tsx(7,45): error TS6133: 'showWarning' is declared but its value is never read.
src/components/agents/RiskDetectionPanel.tsx(7,21): error TS6133: 'showSuccess' is declared but its value is never read.
src/components/agents/RiskDetectionPanel.tsx(7,45): error TS6133: 'showWarning' is declared but its value is never read.
src/components/agents/SprintPlanningAssistant.tsx(7,21): error TS6133: 'showSuccess' is declared but its value is never read.
src/components/agents/SprintPlanningAssistant.tsx(7,45): error TS6133: 'showWarning' is declared but its value is never read.
src/components/attachments/AttachmentUpload.tsx(57,17): error TS6133: 'data' is declared but its value is never read.
src/components/comments/CommentSection.tsx(3,28): error TS6133: 'Comment' is declared but its value is never read.
src/components/comments/CommentSection.tsx(43,38): error TS6133: 'refetch' is declared but its value is never read.
src/components/defects/CreateDefectDialog.tsx(24,10): error TS6133: 'showToast' is declared but its value is never read.
src/components/defects/CreateDefectDialog.tsx(24,45): error TS6133: 'showWarning' is declared but its value is never read.
src/components/defects/CreateDefectDialog.tsx(68,15): error TS6133: 'error' is declared but its value is never read.
src/components/defects/DefectDetailSheet.tsx(11,10): error TS6133: 'showToast' is declared but its value is never read.
src/components/defects/DefectDetailSheet.tsx(11,45): error TS6133: 'showWarning' is declared but its value is never read.
src/components/defects/DefectDetailSheet.tsx(119,15): error TS6133: 'error' is declared but its value is never read.
src/components/milestones/CreateMilestoneDialog.tsx(16,1): error TS6133: 'Label' is declared but its value is never read.
src/components/milestones/EditMilestoneDialog.tsx(17,1): error TS6192: All imports in import declaration are unused.
src/components/milestones/MilestonesList.tsx(5,1): error TS6133: 'Badge' is declared but its value is never read.
src/components/milestones/MilestoneTimeline.tsx(7,1): error TS6133: 'Button' is declared but its value is never read.
src/components/milestones/MilestoneTimeline.tsx(10,18): error TS6133: 'formatDistanceToNow' is declared but its value is never read.
src/components/milestones/MilestoneTimeline.tsx(184,21): error TS6133: 'isPast' is declared but its value is never read.
src/components/milestones/MilestoneTimeline.tsx(185,21): error TS6133: 'isFuture' is declared but its value is never read.
src/components/milestones/MilestoneTimeline.tsx(186,21): error TS6133: 'isTodayDate' is declared but its value is never read.
src/components/notifications/NotificationDropdown.tsx(16,10): error TS6133: 'showToast' is declared but its value is never read.
src/components/notifications/NotificationDropdown.tsx(16,34): error TS6133: 'showError' is declared but its value is never read.
src/components/notifications/NotificationDropdown.tsx(16,45): error TS6133: 'showWarning' is declared but its value is never read.
src/components/projects/AddMemberDialog.tsx(23,10): error TS6133: 'showToast' is declared but its value is never read.
src/components/projects/AddMemberDialog.tsx(23,45): error TS6133: 'showWarning' is declared but its value is never read.
src/components/projects/AddMemberDialog.tsx(66,15): error TS6133: 'error' is declared but its value is never read.
src/components/projects/AssignTeamModal.tsx(29,15): error TS6196: 'Team' is declared but never used.
src/components/projects/AssignTeamModal.tsx(66,9): error TS6133: 'project' is declared but its value is never read.
src/components/projects/EditProjectDialog.tsx(11,10): error TS6133: 'showToast' is declared but its value is never read.
src/components/projects/EditProjectDialog.tsx(11,45): error TS6133: 'showWarning' is declared but its value is never read.
src/components/projects/EditProjectDialog.tsx(58,15): error TS6133: 'error' is declared but its value is never read.
src/components/projects/InviteMemberModal.tsx(32,10): error TS6133: 'showToast' is declared but its value is never read.
src/components/projects/InviteMemberModal.tsx(32,45): error TS6133: 'showWarning' is declared but its value is never read.
src/components/projects/InviteMemberModal.tsx(76,15): error TS6133: 'error' is declared but its value is never read.
src/components/projects/ProjectCard.tsx(21,3): error TS6133: 'Folder' is declared but its value is never read.
src/components/projects/TeamMembersList.tsx(36,10): error TS6133: 'showToast' is declared but its value is never read.
src/components/projects/TeamMembersList.tsx(36,45): error TS6133: 'showWarning' is declared but its value is never read.
src/components/releases/NextReleaseWidget.tsx(33,1): error TS6133: 'ReleaseDto' is declared but its value is never read.
src/components/releases/PendingApprovalsWidget.tsx(28,9): error TS6133: 'navigate' is declared but its value is never read.
src/components/releases/QualityGatesPanel.tsx(15,27): error TS6196: 'QualityGateDto' is declared but never used.
src/components/releases/ReleaseTimeline.tsx(10,29): error TS6133: 'CheckCircle2' is declared but its value is never read.
src/components/releases/ReleaseTimeline.tsx(10,43): error TS6133: 'XCircle' is declared but its value is never read.
src/components/releases/ReleaseTimeline.tsx(10,52): error TS6133: 'AlertCircle' is declared but its value is never read.
src/components/releases/ReleaseTimeline.tsx(10,65): error TS6133: 'Clock' is declared but its value is never read.
src/components/releases/ReleaseTimeline.tsx(11,26): error TS6133: 'isFuture' is declared but its value is never read.
src/components/sprints/AddTasksToSprintDialog.tsx(25,21): error TS6133: 'showSuccess' is declared but its value is never read.
src/components/sprints/AddTasksToSprintDialog.tsx(25,45): error TS6133: 'showWarning' is declared but its value is never read.
src/components/sprints/AddTasksToSprintDialog.tsx(144,15): error TS6133: 'error' is declared but its value is never read.
src/components/tasks/AITaskImproverDialog.tsx(13,10): error TS6133: 'showToast' is declared but its value is never read.
src/components/tasks/AITaskImproverDialog.tsx(13,45): error TS6133: 'showWarning' is declared but its value is never read.
src/components/tasks/CreateTaskDialog.tsx(39,10): error TS6133: 'showToast' is declared but its value is never read.
src/components/tasks/CreateTaskDialog.tsx(39,45): error TS6133: 'showWarning' is declared but its value is never read.
src/components/tasks/CreateTaskDialog.tsx(149,15): error TS6133: 'error' is declared but its value is never read.
src/components/tasks/TaskBoard.tsx(150,3): error TS6133: 'sprintId' is declared but its value is never read.
src/components/tasks/TaskDetailSheet.tsx(14,10): error TS6133: 'showToast' is declared but its value is never read.
src/components/tasks/TaskDetailSheet.tsx(14,45): error TS6133: 'showWarning' is declared but its value is never read.
src/components/tasks/TaskDetailSheet.tsx(159,15): error TS6133: 'error' is declared but its value is never read.
src/components/tasks/TaskDetailSheet.tsx(171,15): error TS6133: 'error' is declared but its value is never read.
src/components/tasks/TaskDetailSheet.tsx(185,15): error TS6133: 'error' is declared but its value is never read.
src/components/tasks/TaskDetailSheet.tsx(531,31): error TS6133: 'error' is declared but its value is never read.
src/components/tasks/TaskListView.tsx(40,45): error TS6133: 'showWarning' is declared but its value is never read.
src/components/tasks/TaskListView.tsx(93,15): error TS6133: 'error' is declared but its value is never read.
src/components/tasks/TaskListView.tsx(106,15): error TS6133: 'error' is declared but its value is never read.
src/components/tasks/TaskListView.tsx(121,15): error TS6133: 'error' is declared but its value is never read.
src/components/tasks/TaskListView.tsx(135,15): error TS6133: 'error' is declared but its value is never read.
src/components/tasks/TaskListView.tsx(147,15): error TS6133: 'error' is declared but its value is never read.
src/components/users/UserCard.tsx(2,1): error TS6133: 'Badge' is declared but its value is never read.
src/components/users/UserCard.tsx(6,23): error TS6133: 'MoreVertical' is declared but its value is never read.
src/pages/admin/AdminAuditLogs.tsx(23,21): error TS6133: 'showSuccess' is declared but its value is never read.
src/pages/admin/AdminAuditLogs.tsx(23,45): error TS6133: 'showWarning' is declared but its value is never read.
src/pages/admin/AdminAuditLogs.tsx(24,18): error TS6133: 'Loader2' is declared but its value is never read.
src/pages/admin/AdminAuditLogs.tsx(24,37): error TS6133: 'Filter' is declared but its value is never read.
src/pages/admin/AdminPermissions.tsx(10,10): error TS6133: 'showToast' is declared but its value is never read.
src/pages/admin/AdminPermissions.tsx(10,45): error TS6133: 'showWarning' is declared but its value is never read.
src/pages/admin/AdminPermissions.tsx(72,15): error TS6133: 'error' is declared but its value is never read.
src/pages/admin/AdminSettings.tsx(12,45): error TS6133: 'showWarning' is declared but its value is never read.
src/pages/admin/AdminSettings.tsx(57,13): error TS6133: 'errorMessage' is declared but its value is never read.
src/pages/admin/AdminSettings.tsx(698,37): error TS6133: 'apiError' is declared but its value is never read.
src/pages/admin/AdminSystemHealth.tsx(2,25): error TS6133: 'SystemHealthDto' is declared but its value is never read.
src/pages/admin/AdminSystemHealth.tsx(2,47): error TS6133: 'ExternalServiceStatus' is declared but its value is never read.
src/pages/admin/AdminSystemHealth.tsx(7,10): error TS6133: 'Loader2' is declared but its value is never read.
src/pages/admin/AdminSystemHealth.tsx(7,67): error TS6133: 'AlertCircle' is declared but its value is never read.
src/pages/admin/AdminUsers.tsx(26,45): error TS6133: 'showWarning' is declared but its value is never read.
src/pages/admin/AdminUsers.tsx(37,3): error TS6133: 'CheckSquare' is declared but its value is never read.
src/pages/admin/AdminUsers.tsx(38,3): error TS6133: 'Square' is declared but its value is never read.
src/pages/admin/AdminUsers.tsx(139,15): error TS6133: 'error' is declared but its value is never read.
src/pages/admin/AdminUsers.tsx(226,15): error TS6133: 'error' is declared but its value is never read.
src/pages/admin/components/AIGovernanceOverview.tsx(3,52): error TS6133: 'CardDescription' is declared but its value is never read.
src/pages/admin/components/AIQuotasList.tsx(104,10): error TS6133: 'selectedOrg' is declared but its value is never read.
src/pages/auth/ResetPassword.tsx(18,21): error TS6133: 'showSuccess' is declared but its value is never read.
src/pages/auth/ResetPassword.tsx(18,45): error TS6133: 'showWarning' is declared but its value is never read.
src/pages/auth/ResetPassword.tsx(87,13): error TS6133: 'apiError' is declared but its value is never read.
src/pages/Backlog.tsx(17,81): error TS6133: 'AlertTriangle' is declared but its value is never read.
src/pages/Backlog.tsx(223,15): error TS6133: 'error' is declared but its value is never read.
src/pages/Backlog.tsx(235,15): error TS6133: 'error' is declared but its value is never read.
src/pages/Backlog.tsx(247,15): error TS6133: 'error' is declared but its value is never read.
src/pages/Insights.tsx(12,10): error TS6133: 'showToast' is declared but its value is never read.
src/pages/Insights.tsx(12,45): error TS6133: 'showWarning' is declared but its value is never read.
src/pages/Insights.tsx(67,15): error TS6133: 'error' is declared but its value is never read.
src/pages/ProjectDetail.tsx(18,10): error TS6133: 'showToast' is declared but its value is never read.
src/pages/ProjectDetail.tsx(18,45): error TS6133: 'showWarning' is declared but its value is never read.
src/pages/ProjectDetail.tsx(91,15): error TS6133: 'error' is declared but its value is never read.
src/pages/ProjectMembers.tsx(30,45): error TS6133: 'showWarning' is declared but its value is never read.
src/pages/ProjectMembers.tsx(98,15): error TS6133: 'error' is declared but its value is never read.
src/pages/ProjectMembers.tsx(111,15): error TS6133: 'error' is declared but its value is never read.
src/pages/ReleaseDetailPage.tsx(47,1): error TS6133: 'cn' is declared but its value is never read.
src/pages/ReleaseDetailPage.tsx(51,15): error TS6196: 'ReleaseDto' is declared but never used.
src/pages/ReleaseDetailPage.tsx(188,10): error TS6133: 'notesMode' is declared but its value is never read.
src/pages/Sprints.tsx(16,10): error TS6133: 'showToast' is declared but its value is never read.
src/pages/Sprints.tsx(16,45): error TS6133: 'showWarning' is declared but its value is never read.
src/pages/Sprints.tsx(62,15): error TS6133: 'error' is declared but its value is never read.
src/pages/Sprints.tsx(75,15): error TS6133: 'error' is declared but its value is never read.
src/pages/Sprints.tsx(89,15): error TS6133: 'error' is declared but its value is never read.
src/pages/Tasks.tsx(12,10): error TS6133: 'showToast' is declared but its value is never read.
src/pages/Tasks.tsx(12,21): error TS6133: 'showSuccess' is declared but its value is never read.
src/pages/Tasks.tsx(12,45): error TS6133: 'showWarning' is declared but its value is never read.
src/pages/Tasks.tsx(86,15): error TS6133: 'error' is declared but its value is never read.
src/pages/Teams.tsx(12,10): error TS6133: 'showToast' is declared but its value is never read.
src/pages/Teams.tsx(12,45): error TS6133: 'showWarning' is declared but its value is never read.
src/pages/Teams.tsx(40,15): error TS6133: 'error' is declared but its value is never read.
